<?xml version="1.0" encoding="UTF-8"?>
<coverage generated="1650718480314" clover="3.2.0">
  <project timestamp="1650718480314" name="All files">
    <metrics statements="11" coveredstatements="2" conditionals="2" coveredconditionals="0" methods="4" coveredmethods="0" elements="17" coveredelements="2" complexity="0" loc="11" ncloc="11" packages="1" files="1" classes="1"/>
    <file name="utils.js" path="C:\Users\jerem\Documents\jest-applications\jest-exo-1\app\js\utils.js">
      <metrics statements="11" coveredstatements="2" conditionals="2" coveredconditionals="0" methods="4" coveredmethods="0"/>
      <line num="2" count="0" type="stmt"/>
      <line num="6" count="0" type="cond" truecount="0" falsecount="2"/>
      <line num="7" count="0" type="stmt"/>
      <line num="10" count="0" type="stmt"/>
      <line num="11" count="0" type="stmt"/>
      <line num="12" count="0" type="stmt"/>
      <line num="15" count="0" type="stmt"/>
      <line num="16" count="0" type="stmt"/>
      <line num="19" count="1" type="stmt"/>
      <line num="25" count="0" type="stmt"/>
      <line num="28" count="1" type="stmt"/>
    </file>
  </project>
</coverage>
